<?xml version="1.0" encoding="UTF-8"?>
<!-- Generated by org.testng.reporters.JUnitReportReporter -->
<testsuite hostname="Poshithvardhan" failures="0" tests="1" name="testscripts.AlertTest" time="9.900" errors="0" timestamp="2023-09-21T15:55:54 IST" skipped="0">
  <testcase classname="testscripts.AlertTest" name="verifyAlert" time="9.900">
    <system-out>
      <![CDATA[Click on javascriptAlert_link
Click on confirmBox_clickMe_button]]>
    </system-out>
  </testcase> <!-- verifyAlert -->
  <system-out>
    <![CDATA[launch the browser:chrome
Navigate to url:https://www.lambdatest.com/selenium-playground/
Click on javascriptAlert_link
Click on confirmBox_clickMe_button
Close the browser]]>
  </system-out>
</testsuite> <!-- testscripts.AlertTest -->
